<?xml version="1.0" encoding="UTF-8" ?>
<testsuite failures="0" time="0.121" errors="0" skipped="0" tests="26" name="ohtu.ohtuvarasto.VarastoTest">
  <properties>
    <property name="java.runtime.name" value="Java(TM) SE Runtime Environment"/>
    <property name="sun.boot.library.path" value="/Library/Java/JavaVirtualMachines/jdk1.7.0_08.jdk/Contents/Home/jre/lib"/>
    <property name="java.vm.version" value="23.4-b01"/>
    <property name="gopherProxySet" value="false"/>
    <property name="java.vm.vendor" value="Oracle Corporation"/>
    <property name="java.vendor.url" value="http://java.oracle.com/"/>
    <property name="path.separator" value=":"/>
    <property name="java.vm.name" value="Java HotSpot(TM) 64-Bit Server VM"/>
    <property name="file.encoding.pkg" value="sun.io"/>
    <property name="user.country" value="FI"/>
    <property name="sun.java.launcher" value="SUN_STANDARD"/>
    <property name="sun.os.patch.level" value="unknown"/>
    <property name="java.vm.specification.name" value="Java Virtual Machine Specification"/>
    <property name="user.dir" value="/Users/Arto/Dropbox/Koulu/OhTu/ohtu-harkat/OhtuVarasto"/>
    <property name="java.runtime.version" value="1.7.0_08-ea-b04"/>
    <property name="java.awt.graphicsenv" value="sun.awt.CGraphicsEnvironment"/>
    <property name="basedir" value="/Users/Arto/Dropbox/Koulu/OhTu/ohtu-harkat/OhtuVarasto"/>
    <property name="java.endorsed.dirs" value="/Library/Java/JavaVirtualMachines/jdk1.7.0_08.jdk/Contents/Home/jre/lib/endorsed"/>
    <property name="os.arch" value="x86_64"/>
    <property name="surefire.real.class.path" value="/Users/Arto/Dropbox/Koulu/OhTu/ohtu-harkat/OhtuVarasto/target/surefire/surefirebooter2615209686681130764.jar"/>
    <property name="java.io.tmpdir" value="/var/folders/g5/qqbb8bgj33j18p4p_xnqdrd40000gn/T/"/>
    <property name="line.separator" value="
"/>
    <property name="java.vm.specification.vendor" value="Oracle Corporation"/>
    <property name="os.name" value="Mac OS X"/>
    <property name="sun.jnu.encoding" value="UTF-8"/>
    <property name="java.library.path" value="/Users/Arto/Library/Java/Extensions:/Library/Java/Extensions:/Network/Library/Java/Extensions:/System/Library/Java/Extensions:/usr/lib/java:."/>
    <property name="surefire.test.class.path" value="/Users/Arto/Dropbox/Koulu/OhTu/ohtu-harkat/OhtuVarasto/target/test-classes:/Users/Arto/Dropbox/Koulu/OhTu/ohtu-harkat/OhtuVarasto/target/classes:/Users/Arto/.m2/repository/junit/junit/4.10/junit-4.10.jar:/Users/Arto/.m2/repository/org/hamcrest/hamcrest-core/1.1/hamcrest-core-1.1.jar:"/>
    <property name="java.specification.name" value="Java Platform API Specification"/>
    <property name="java.class.version" value="51.0"/>
    <property name="sun.management.compiler" value="HotSpot 64-Bit Tiered Compilers"/>
    <property name="os.version" value="10.7.5"/>
    <property name="http.nonProxyHosts" value="local|*.local|169.254/16|*.169.254/16"/>
    <property name="user.home" value="/Users/Arto"/>
    <property name="user.timezone" value=""/>
    <property name="java.awt.printerjob" value="sun.lwawt.macosx.CPrinterJob"/>
    <property name="java.specification.version" value="1.7"/>
    <property name="file.encoding" value="UTF-8"/>
    <property name="user.name" value="Arto"/>
    <property name="java.class.path" value="/Users/Arto/Dropbox/Koulu/OhTu/ohtu-harkat/OhtuVarasto/target/test-classes:/Users/Arto/Dropbox/Koulu/OhTu/ohtu-harkat/OhtuVarasto/target/classes:/Users/Arto/.m2/repository/junit/junit/4.10/junit-4.10.jar:/Users/Arto/.m2/repository/org/hamcrest/hamcrest-core/1.1/hamcrest-core-1.1.jar:"/>
    <property name="java.vm.specification.version" value="1.7"/>
    <property name="sun.arch.data.model" value="64"/>
    <property name="java.home" value="/Library/Java/JavaVirtualMachines/jdk1.7.0_08.jdk/Contents/Home/jre"/>
    <property name="sun.java.command" value="/Users/Arto/Dropbox/Koulu/OhTu/ohtu-harkat/OhtuVarasto/target/surefire/surefirebooter2615209686681130764.jar /Users/Arto/Dropbox/Koulu/OhTu/ohtu-harkat/OhtuVarasto/target/surefire/surefire4352114386916320863tmp /Users/Arto/Dropbox/Koulu/OhTu/ohtu-harkat/OhtuVarasto/target/surefire/surefire7133371694582611149tmp"/>
    <property name="java.specification.vendor" value="Oracle Corporation"/>
    <property name="user.language" value="fi"/>
    <property name="awt.toolkit" value="sun.lwawt.macosx.LWCToolkit"/>
    <property name="java.vm.info" value="mixed mode"/>
    <property name="java.version" value="1.7.0_08-ea"/>
    <property name="java.ext.dirs" value="/Users/Arto/Library/Java/Extensions:/Library/Java/JavaVirtualMachines/jdk1.7.0_08.jdk/Contents/Home/jre/lib/ext:/Library/Java/Extensions:/Network/Library/Java/Extensions:/System/Library/Java/Extensions:/usr/lib/java"/>
    <property name="sun.boot.class.path" value="/Library/Java/JavaVirtualMachines/jdk1.7.0_08.jdk/Contents/Home/jre/lib/resources.jar:/Library/Java/JavaVirtualMachines/jdk1.7.0_08.jdk/Contents/Home/jre/lib/rt.jar:/Library/Java/JavaVirtualMachines/jdk1.7.0_08.jdk/Contents/Home/jre/lib/sunrsasign.jar:/Library/Java/JavaVirtualMachines/jdk1.7.0_08.jdk/Contents/Home/jre/lib/jsse.jar:/Library/Java/JavaVirtualMachines/jdk1.7.0_08.jdk/Contents/Home/jre/lib/jce.jar:/Library/Java/JavaVirtualMachines/jdk1.7.0_08.jdk/Contents/Home/jre/lib/charsets.jar:/Library/Java/JavaVirtualMachines/jdk1.7.0_08.jdk/Contents/Home/jre/lib/jfr.jar:/Library/Java/JavaVirtualMachines/jdk1.7.0_08.jdk/Contents/Home/jre/lib/JObjC.jar:/Library/Java/JavaVirtualMachines/jdk1.7.0_08.jdk/Contents/Home/jre/classes"/>
    <property name="java.vendor" value="Oracle Corporation"/>
    <property name="localRepository" value="/Users/Arto/.m2/repository"/>
    <property name="file.separator" value="/"/>
    <property name="java.vendor.url.bug" value="http://bugreport.sun.com/bugreport/"/>
    <property name="sun.cpu.endian" value="little"/>
    <property name="sun.io.unicode.encoding" value="UnicodeBig"/>
    <property name="socksNonProxyHosts" value="local|*.local|169.254/16|*.169.254/16"/>
    <property name="ftp.nonProxyHosts" value="local|*.local|169.254/16|*.169.254/16"/>
    <property name="sun.cpu.isalist" value=""/>
  </properties>
  <testcase time="0.002" classname="ohtu.ohtuvarasto.VarastoTest" name="uudellaAlleNollanVarastollaJaAlkusaldollaOikeaTilavuus"/>
  <testcase time="0.001" classname="ohtu.ohtuvarasto.VarastoTest" name="konstruktoriLuoTyhjanVaraston"/>
  <testcase time="0" classname="ohtu.ohtuvarasto.VarastoTest" name="uudellaVarastollaOikeaTilavuus"/>
  <testcase time="0" classname="ohtu.ohtuvarasto.VarastoTest" name="uudellaAlleNollanVarastollaOikeaTilavuus"/>
  <testcase time="0.001" classname="ohtu.ohtuvarasto.VarastoTest" name="uudellaPienellaVarastollaOikeaTilavuus"/>
  <testcase time="0" classname="ohtu.ohtuvarasto.VarastoTest" name="alkusaldoOikeinKunSaldoPienempiKuinVarastonKoko"/>
  <testcase time="0" classname="ohtu.ohtuvarasto.VarastoTest" name="alkusaldoOikeinKunSaldoIsompiKuinVarastonKoko"/>
  <testcase time="0" classname="ohtu.ohtuvarasto.VarastoTest" name="alkusaldoNollaKunParametriNegatiivinen"/>
  <testcase time="0" classname="ohtu.ohtuvarasto.VarastoTest" name="lisaysLisaaSaldoa"/>
  <testcase time="0" classname="ohtu.ohtuvarasto.VarastoTest" name="lisaysLisaaPienentaaVapaataTilaa"/>
  <testcase time="0" classname="ohtu.ohtuvarasto.VarastoTest" name="ottaminenPalauttaaOikeanMaaran"/>
  <testcase time="0" classname="ohtu.ohtuvarasto.VarastoTest" name="ottaminenLisääTilaa"/>
  <testcase time="0" classname="ohtu.ohtuvarasto.VarastoTest" name="konstr"/>
  <testcase time="0" classname="ohtu.ohtuvarasto.VarastoTest" name="lisaaTyhjaanVarastoonAlleNolla"/>
  <testcase time="0" classname="ohtu.ohtuvarasto.VarastoTest" name="lisaaTyhjaanVarastoonNolla"/>
  <testcase time="0.001" classname="ohtu.ohtuvarasto.VarastoTest" name="lisaaTyhjaanVarastoonKaksiJaKolme"/>
  <testcase time="0" classname="ohtu.ohtuvarasto.VarastoTest" name="lisaaTyhjaanVarastoonViisiJaViisi"/>
  <testcase time="0" classname="ohtu.ohtuvarasto.VarastoTest" name="lisaaTyhjaanVarastoonKuusiJaViisi"/>
  <testcase time="0.001" classname="ohtu.ohtuvarasto.VarastoTest" name="lisaaTyhjaanVarastoonKuusiJaOtaAlleNollaPalauttaaNolla"/>
  <testcase time="0" classname="ohtu.ohtuvarasto.VarastoTest" name="lisaaTyhjaanVarastoonKuusiJaOtaAlleNollaEiMuutaVarastosaldoa"/>
  <testcase time="0" classname="ohtu.ohtuvarasto.VarastoTest" name="lisaaTyhjaanVarastoonNeljaJaOtaNollaPalauttaaNolla"/>
  <testcase time="0.001" classname="ohtu.ohtuvarasto.VarastoTest" name="lisaaTyhjaanVarastoonViisiJaOtaNollaEiMuutaSaldoa"/>
  <testcase time="0" classname="ohtu.ohtuvarasto.VarastoTest" name="lisaaTyhjaanVarastoonKuusiJaOtaViisiPalauttaaViisi"/>
  <testcase time="0" classname="ohtu.ohtuvarasto.VarastoTest" name="lisaaTyhjaanVarastoonKuusiJaOtaViisiJaSaldoOnYksi"/>
  <testcase time="0" classname="ohtu.ohtuvarasto.VarastoTest" name="lisaaTyhjaanVarastoonKolmeJaOtaViisiPalauttaaKolme"/>
  <testcase time="0" classname="ohtu.ohtuvarasto.VarastoTest" name="lisaaTyhjaanVarastoonKolmeJaOtaViisiJaSaldoOnNolla"/>
</testsuite>