<?xml version="1.0" encoding="UTF-8" ?>
<testsuite failures="0" time="0.004" errors="0" skipped="0" tests="3" name="com.mycompany.webkauppa.sovelluslogiikka.OstosTest">
  <properties>
    <property name="java.runtime.name" value="Java(TM) SE Runtime Environment"/>
    <property name="sun.boot.library.path" value="/Library/Java/JavaVirtualMachines/jdk1.7.0_08.jdk/Contents/Home/jre/lib"/>
    <property name="java.vm.version" value="23.4-b01"/>
    <property name="gopherProxySet" value="false"/>
    <property name="java.vm.vendor" value="Oracle Corporation"/>
    <property name="java.vendor.url" value="http://java.oracle.com/"/>
    <property name="path.separator" value=":"/>
    <property name="java.vm.name" value="Java HotSpot(TM) 64-Bit Server VM"/>
    <property name="file.encoding.pkg" value="sun.io"/>
    <property name="user.country" value="FI"/>
    <property name="sun.java.launcher" value="SUN_STANDARD"/>
    <property name="sun.os.patch.level" value="unknown"/>
    <property name="java.vm.specification.name" value="Java Virtual Machine Specification"/>
    <property name="user.dir" value="/Users/Arto/Dropbox/Koulu/OhTu/ohtu-harkat/KumpulaBiershop"/>
    <property name="java.runtime.version" value="1.7.0_08-ea-b04"/>
    <property name="java.awt.graphicsenv" value="sun.awt.CGraphicsEnvironment"/>
    <property name="basedir" value="/Users/Arto/Dropbox/Koulu/OhTu/ohtu-harkat/KumpulaBiershop"/>
    <property name="java.endorsed.dirs" value="/Library/Java/JavaVirtualMachines/jdk1.7.0_08.jdk/Contents/Home/jre/lib/endorsed"/>
    <property name="os.arch" value="x86_64"/>
    <property name="surefire.real.class.path" value="/Users/Arto/Dropbox/Koulu/OhTu/ohtu-harkat/KumpulaBiershop/target/surefire/surefirebooter2284850850333157143.jar:/var/folders/g5/qqbb8bgj33j18p4p_xnqdrd40000gn/T/jacocoagent1398471956893612907.jar"/>
    <property name="java.io.tmpdir" value="/var/folders/g5/qqbb8bgj33j18p4p_xnqdrd40000gn/T/"/>
    <property name="line.separator" value="
"/>
    <property name="java.vm.specification.vendor" value="Oracle Corporation"/>
    <property name="os.name" value="Mac OS X"/>
    <property name="sun.jnu.encoding" value="UTF-8"/>
    <property name="java.library.path" value="/Users/Arto/Library/Java/Extensions:/Library/Java/Extensions:/Network/Library/Java/Extensions:/System/Library/Java/Extensions:/usr/lib/java:."/>
    <property name="surefire.test.class.path" value="/Users/Arto/Dropbox/Koulu/OhTu/ohtu-harkat/KumpulaBiershop/target/test-classes:/Users/Arto/Dropbox/Koulu/OhTu/ohtu-harkat/KumpulaBiershop/target/classes:/Users/Arto/.m2/repository/com/google/code/gson/gson/1.7.1/gson-1.7.1.jar:/Users/Arto/.m2/repository/javax/javaee-web-api/6.0/javaee-web-api-6.0.jar:/Users/Arto/.m2/repository/junit/junit/4.8.2/junit-4.8.2.jar:/Users/Arto/.m2/repository/org/seleniumhq/selenium/selenium-java/2.6.0/selenium-java-2.6.0.jar:/Users/Arto/.m2/repository/org/seleniumhq/selenium/selenium-android-driver/2.6.0/selenium-android-driver-2.6.0.jar:/Users/Arto/.m2/repository/org/seleniumhq/selenium/selenium-remote-driver/2.6.0/selenium-remote-driver-2.6.0.jar:/Users/Arto/.m2/repository/cglib/cglib-nodep/2.1_3/cglib-nodep-2.1_3.jar:/Users/Arto/.m2/repository/org/json/json/20080701/json-20080701.jar:/Users/Arto/.m2/repository/org/seleniumhq/selenium/selenium-chrome-driver/2.6.0/selenium-chrome-driver-2.6.0.jar:/Users/Arto/.m2/repository/org/seleniumhq/selenium/selenium-htmlunit-driver/2.6.0/selenium-htmlunit-driver-2.6.0.jar:/Users/Arto/.m2/repository/org/seleniumhq/selenium/selenium-api/2.6.0/selenium-api-2.6.0.jar:/Users/Arto/.m2/repository/com/google/guava/guava/r09/guava-r09.jar:/Users/Arto/.m2/repository/net/sourceforge/htmlunit/htmlunit/2.9/htmlunit-2.9.jar:/Users/Arto/.m2/repository/xalan/xalan/2.7.1/xalan-2.7.1.jar:/Users/Arto/.m2/repository/xalan/serializer/2.7.1/serializer-2.7.1.jar:/Users/Arto/.m2/repository/org/apache/httpcomponents/httpmime/4.1.2/httpmime-4.1.2.jar:/Users/Arto/.m2/repository/commons-codec/commons-codec/1.4/commons-codec-1.4.jar:/Users/Arto/.m2/repository/net/sourceforge/htmlunit/htmlunit-core-js/2.9/htmlunit-core-js-2.9.jar:/Users/Arto/.m2/repository/xerces/xercesImpl/2.9.1/xercesImpl-2.9.1.jar:/Users/Arto/.m2/repository/xml-apis/xml-apis/1.3.04/xml-apis-1.3.04.jar:/Users/Arto/.m2/repository/net/sourceforge/nekohtml/nekohtml/1.9.15/nekohtml-1.9.15.jar:/Users/Arto/.m2/repository/net/sourceforge/cssparser/cssparser/0.9.5/cssparser-0.9.5.jar:/Users/Arto/.m2/repository/org/w3c/css/sac/1.3/sac-1.3.jar:/Users/Arto/.m2/repository/commons-logging/commons-logging/1.1.1/commons-logging-1.1.1.jar:/Users/Arto/.m2/repository/org/apache/httpcomponents/httpclient/4.1.2/httpclient-4.1.2.jar:/Users/Arto/.m2/repository/org/apache/httpcomponents/httpcore/4.1.2/httpcore-4.1.2.jar:/Users/Arto/.m2/repository/org/seleniumhq/selenium/selenium-firefox-driver/2.6.0/selenium-firefox-driver-2.6.0.jar:/Users/Arto/.m2/repository/org/seleniumhq/selenium/selenium-ie-driver/2.6.0/selenium-ie-driver-2.6.0.jar:/Users/Arto/.m2/repository/net/java/dev/jna/jna/3.3.0/jna-3.3.0.jar:/Users/Arto/.m2/repository/org/seleniumhq/selenium/selenium-iphone-driver/2.6.0/selenium-iphone-driver-2.6.0.jar:/Users/Arto/.m2/repository/org/seleniumhq/selenium/selenium-support/2.6.0/selenium-support-2.6.0.jar:/Users/Arto/.m2/repository/org/jbehave/jbehave-core/3.4.5/jbehave-core-3.4.5.jar:/Users/Arto/.m2/repository/junit/junit-dep/4.8.2/junit-dep-4.8.2.jar:/Users/Arto/.m2/repository/org/hamcrest/hamcrest-core/1.1/hamcrest-core-1.1.jar:/Users/Arto/.m2/repository/org/hamcrest/hamcrest-library/1.1/hamcrest-library-1.1.jar:/Users/Arto/.m2/repository/org/hamcrest/hamcrest-integration/1.1/hamcrest-integration-1.1.jar:/Users/Arto/.m2/repository/commons-collections/commons-collections/3.2.1/commons-collections-3.2.1.jar:/Users/Arto/.m2/repository/commons-io/commons-io/1.4/commons-io-1.4.jar:/Users/Arto/.m2/repository/commons-lang/commons-lang/2.5/commons-lang-2.5.jar:/Users/Arto/.m2/repository/org/codehaus/plexus/plexus-utils/2.0.5/plexus-utils-2.0.5.jar:/Users/Arto/.m2/repository/org/freemarker/freemarker/2.3.16/freemarker-2.3.16.jar:/Users/Arto/.m2/repository/com/thoughtworks/paranamer/paranamer/2.3/paranamer-2.3.jar:/Users/Arto/.m2/repository/com/thoughtworks/xstream/xstream/1.3.1/xstream-1.3.1.jar:/Users/Arto/.m2/repository/xpp3/xpp3_min/1.1.4c/xpp3_min-1.1.4c.jar:/Users/Arto/.m2/repository/org/jbehave/web/jbehave-web-selenium/3.3.4/jbehave-web-selenium-3.3.4.jar:/Users/Arto/.m2/repository/org/seleniumhq/selenium/selenium-remote-control/2.0b3/selenium-remote-control-2.0b3.jar:"/>
    <property name="java.specification.name" value="Java Platform API Specification"/>
    <property name="java.class.version" value="51.0"/>
    <property name="sun.management.compiler" value="HotSpot 64-Bit Tiered Compilers"/>
    <property name="os.version" value="10.7.5"/>
    <property name="http.nonProxyHosts" value="local|*.local|169.254/16|*.169.254/16"/>
    <property name="user.home" value="/Users/Arto"/>
    <property name="user.timezone" value="Europe/Helsinki"/>
    <property name="java.awt.printerjob" value="sun.lwawt.macosx.CPrinterJob"/>
    <property name="java.specification.version" value="1.7"/>
    <property name="file.encoding" value="UTF-8"/>
    <property name="user.name" value="Arto"/>
    <property name="java.class.path" value="/Users/Arto/Dropbox/Koulu/OhTu/ohtu-harkat/KumpulaBiershop/target/test-classes:/Users/Arto/Dropbox/Koulu/OhTu/ohtu-harkat/KumpulaBiershop/target/classes:/Users/Arto/.m2/repository/com/google/code/gson/gson/1.7.1/gson-1.7.1.jar:/Users/Arto/.m2/repository/javax/javaee-web-api/6.0/javaee-web-api-6.0.jar:/Users/Arto/.m2/repository/junit/junit/4.8.2/junit-4.8.2.jar:/Users/Arto/.m2/repository/org/seleniumhq/selenium/selenium-java/2.6.0/selenium-java-2.6.0.jar:/Users/Arto/.m2/repository/org/seleniumhq/selenium/selenium-android-driver/2.6.0/selenium-android-driver-2.6.0.jar:/Users/Arto/.m2/repository/org/seleniumhq/selenium/selenium-remote-driver/2.6.0/selenium-remote-driver-2.6.0.jar:/Users/Arto/.m2/repository/cglib/cglib-nodep/2.1_3/cglib-nodep-2.1_3.jar:/Users/Arto/.m2/repository/org/json/json/20080701/json-20080701.jar:/Users/Arto/.m2/repository/org/seleniumhq/selenium/selenium-chrome-driver/2.6.0/selenium-chrome-driver-2.6.0.jar:/Users/Arto/.m2/repository/org/seleniumhq/selenium/selenium-htmlunit-driver/2.6.0/selenium-htmlunit-driver-2.6.0.jar:/Users/Arto/.m2/repository/org/seleniumhq/selenium/selenium-api/2.6.0/selenium-api-2.6.0.jar:/Users/Arto/.m2/repository/com/google/guava/guava/r09/guava-r09.jar:/Users/Arto/.m2/repository/net/sourceforge/htmlunit/htmlunit/2.9/htmlunit-2.9.jar:/Users/Arto/.m2/repository/xalan/xalan/2.7.1/xalan-2.7.1.jar:/Users/Arto/.m2/repository/xalan/serializer/2.7.1/serializer-2.7.1.jar:/Users/Arto/.m2/repository/org/apache/httpcomponents/httpmime/4.1.2/httpmime-4.1.2.jar:/Users/Arto/.m2/repository/commons-codec/commons-codec/1.4/commons-codec-1.4.jar:/Users/Arto/.m2/repository/net/sourceforge/htmlunit/htmlunit-core-js/2.9/htmlunit-core-js-2.9.jar:/Users/Arto/.m2/repository/xerces/xercesImpl/2.9.1/xercesImpl-2.9.1.jar:/Users/Arto/.m2/repository/xml-apis/xml-apis/1.3.04/xml-apis-1.3.04.jar:/Users/Arto/.m2/repository/net/sourceforge/nekohtml/nekohtml/1.9.15/nekohtml-1.9.15.jar:/Users/Arto/.m2/repository/net/sourceforge/cssparser/cssparser/0.9.5/cssparser-0.9.5.jar:/Users/Arto/.m2/repository/org/w3c/css/sac/1.3/sac-1.3.jar:/Users/Arto/.m2/repository/commons-logging/commons-logging/1.1.1/commons-logging-1.1.1.jar:/Users/Arto/.m2/repository/org/apache/httpcomponents/httpclient/4.1.2/httpclient-4.1.2.jar:/Users/Arto/.m2/repository/org/apache/httpcomponents/httpcore/4.1.2/httpcore-4.1.2.jar:/Users/Arto/.m2/repository/org/seleniumhq/selenium/selenium-firefox-driver/2.6.0/selenium-firefox-driver-2.6.0.jar:/Users/Arto/.m2/repository/org/seleniumhq/selenium/selenium-ie-driver/2.6.0/selenium-ie-driver-2.6.0.jar:/Users/Arto/.m2/repository/net/java/dev/jna/jna/3.3.0/jna-3.3.0.jar:/Users/Arto/.m2/repository/org/seleniumhq/selenium/selenium-iphone-driver/2.6.0/selenium-iphone-driver-2.6.0.jar:/Users/Arto/.m2/repository/org/seleniumhq/selenium/selenium-support/2.6.0/selenium-support-2.6.0.jar:/Users/Arto/.m2/repository/org/jbehave/jbehave-core/3.4.5/jbehave-core-3.4.5.jar:/Users/Arto/.m2/repository/junit/junit-dep/4.8.2/junit-dep-4.8.2.jar:/Users/Arto/.m2/repository/org/hamcrest/hamcrest-core/1.1/hamcrest-core-1.1.jar:/Users/Arto/.m2/repository/org/hamcrest/hamcrest-library/1.1/hamcrest-library-1.1.jar:/Users/Arto/.m2/repository/org/hamcrest/hamcrest-integration/1.1/hamcrest-integration-1.1.jar:/Users/Arto/.m2/repository/commons-collections/commons-collections/3.2.1/commons-collections-3.2.1.jar:/Users/Arto/.m2/repository/commons-io/commons-io/1.4/commons-io-1.4.jar:/Users/Arto/.m2/repository/commons-lang/commons-lang/2.5/commons-lang-2.5.jar:/Users/Arto/.m2/repository/org/codehaus/plexus/plexus-utils/2.0.5/plexus-utils-2.0.5.jar:/Users/Arto/.m2/repository/org/freemarker/freemarker/2.3.16/freemarker-2.3.16.jar:/Users/Arto/.m2/repository/com/thoughtworks/paranamer/paranamer/2.3/paranamer-2.3.jar:/Users/Arto/.m2/repository/com/thoughtworks/xstream/xstream/1.3.1/xstream-1.3.1.jar:/Users/Arto/.m2/repository/xpp3/xpp3_min/1.1.4c/xpp3_min-1.1.4c.jar:/Users/Arto/.m2/repository/org/jbehave/web/jbehave-web-selenium/3.3.4/jbehave-web-selenium-3.3.4.jar:/Users/Arto/.m2/repository/org/seleniumhq/selenium/selenium-remote-control/2.0b3/selenium-remote-control-2.0b3.jar:"/>
    <property name="java.vm.specification.version" value="1.7"/>
    <property name="sun.arch.data.model" value="64"/>
    <property name="java.home" value="/Library/Java/JavaVirtualMachines/jdk1.7.0_08.jdk/Contents/Home/jre"/>
    <property name="sun.java.command" value="/Users/Arto/Dropbox/Koulu/OhTu/ohtu-harkat/KumpulaBiershop/target/surefire/surefirebooter2284850850333157143.jar /Users/Arto/Dropbox/Koulu/OhTu/ohtu-harkat/KumpulaBiershop/target/surefire/surefire1284910879524067778tmp /Users/Arto/Dropbox/Koulu/OhTu/ohtu-harkat/KumpulaBiershop/target/surefire/surefire5732331683557543664tmp"/>
    <property name="java.specification.vendor" value="Oracle Corporation"/>
    <property name="user.language" value="fi"/>
    <property name="awt.toolkit" value="sun.lwawt.macosx.LWCToolkit"/>
    <property name="java.vm.info" value="mixed mode"/>
    <property name="java.version" value="1.7.0_08-ea"/>
    <property name="java.ext.dirs" value="/Users/Arto/Library/Java/Extensions:/Library/Java/JavaVirtualMachines/jdk1.7.0_08.jdk/Contents/Home/jre/lib/ext:/Library/Java/Extensions:/Network/Library/Java/Extensions:/System/Library/Java/Extensions:/usr/lib/java"/>
    <property name="sun.boot.class.path" value="/Library/Java/JavaVirtualMachines/jdk1.7.0_08.jdk/Contents/Home/jre/lib/resources.jar:/Library/Java/JavaVirtualMachines/jdk1.7.0_08.jdk/Contents/Home/jre/lib/rt.jar:/Library/Java/JavaVirtualMachines/jdk1.7.0_08.jdk/Contents/Home/jre/lib/sunrsasign.jar:/Library/Java/JavaVirtualMachines/jdk1.7.0_08.jdk/Contents/Home/jre/lib/jsse.jar:/Library/Java/JavaVirtualMachines/jdk1.7.0_08.jdk/Contents/Home/jre/lib/jce.jar:/Library/Java/JavaVirtualMachines/jdk1.7.0_08.jdk/Contents/Home/jre/lib/charsets.jar:/Library/Java/JavaVirtualMachines/jdk1.7.0_08.jdk/Contents/Home/jre/lib/jfr.jar:/Library/Java/JavaVirtualMachines/jdk1.7.0_08.jdk/Contents/Home/jre/lib/JObjC.jar:/Library/Java/JavaVirtualMachines/jdk1.7.0_08.jdk/Contents/Home/jre/classes"/>
    <property name="java.vendor" value="Oracle Corporation"/>
    <property name="localRepository" value="/Users/Arto/.m2/repository"/>
    <property name="file.separator" value="/"/>
    <property name="java.vendor.url.bug" value="http://bugreport.sun.com/bugreport/"/>
    <property name="sun.cpu.endian" value="little"/>
    <property name="sun.io.unicode.encoding" value="UnicodeBig"/>
    <property name="socksNonProxyHosts" value="local|*.local|169.254/16|*.169.254/16"/>
    <property name="ftp.nonProxyHosts" value="local|*.local|169.254/16|*.169.254/16"/>
    <property name="sun.cpu.isalist" value=""/>
  </properties>
  <testcase time="0.001" classname="com.mycompany.webkauppa.sovelluslogiikka.OstosTest" name="luodunOstoksenAttribuutitOikein"/>
  <testcase time="0" classname="com.mycompany.webkauppa.sovelluslogiikka.OstosTest" name="hintaJaLukumaaraOikeinJosOstoksessaMontaTuotetta"/>
  <testcase time="0" classname="com.mycompany.webkauppa.sovelluslogiikka.OstosTest" name="lukumaaraJaHintaVahintaanNolla"/>
</testsuite>